<?xml version="1.0" encoding="UTF-8"?>
<!-- Generated by org.testng.reporters.JUnitReportReporter -->
<testsuite hostname="LAPTOP-BUSVN3J2" name="Tests.SignUpTest" tests="1" failures="0" timestamp="25 Aug 2021 18:59:57 GMT" time="5.211" errors="0">
  <testcase name="signUpButton" time="5.211" classname="Tests.SignUpTest"/>
</testsuite> <!-- Tests.SignUpTest -->
